proguard/seeds.txt
com.smart.lock.activity.AmountActivity
com.smart.lock.activity.AmountActivity: AmountActivity()
com.smart.lock.activity.AmountActivity: void backClick(android.view.View)
com.smart.lock.activity.AmountActivity$JsInterf
com.smart.lock.activity.AmountActivity$JsInterf: com.smart.lock.activity.AmountActivity this$0
com.smart.lock.activity.AmountActivity$JsInterf: AmountActivity$JsInterf(com.smart.lock.activity.AmountActivity)
com.smart.lock.activity.AmountActivity$JsInterf: boolean viewFullImage(int,java.lang.String,java.lang.String,java.lang.String,java.lang.String,int,int,java.lang.String,int)
com.smart.lock.activity.AmountActivity$JsInterf: void share(java.lang.String,java.lang.String,java.lang.String,java.lang.String)
com.smart.lock.activity.AmountActivity$JsInterf: void alert(java.lang.String)
com.smart.lock.activity.AmountActivity$JsInterf: void redirectLogin()
com.smart.lock.activity.AmountActivity$JsInterf: com.smart.lock.activity.AmountActivity access$0(com.smart.lock.activity.AmountActivity$JsInterf)
com.smart.lock.activity.BaseActivity: BaseActivity()
com.smart.lock.activity.BoxOpenActivity
com.smart.lock.activity.BoxOpenActivity: BoxOpenActivity()
com.smart.lock.activity.BoxOpenActivity: void loginClick(android.view.View)
com.smart.lock.activity.BoxOpenActivity: void skipClick()
com.smart.lock.activity.BoxOpenActivity: void temploginClick(android.view.View)
com.smart.lock.activity.CategorySettingActivity
com.smart.lock.activity.CategorySettingActivity: CategorySettingActivity()
com.smart.lock.activity.CategorySettingActivity: void backClick(android.view.View)
com.smart.lock.activity.CategorySettingActivity: void tabItemClick(android.view.View)
com.smart.lock.activity.CategorySettingActivity: void sureClick(android.view.View)
com.smart.lock.activity.DetailActivity
com.smart.lock.activity.DetailActivity: DetailActivity()
com.smart.lock.activity.DetailActivity: void detailBack(android.view.View)
com.smart.lock.activity.DetailActivity: void detailDownload(android.view.View)
com.smart.lock.activity.DetailActivity: void detailShare(android.view.View)
com.smart.lock.activity.DetailActivity: void detailFavorite(android.view.View)
com.smart.lock.activity.DetailActivity: void detailRead(android.view.View)
com.smart.lock.activity.LockActivity
com.smart.lock.activity.LockActivity: LockActivity()
com.smart.lock.activity.LockActivity: void showorHideDetail(android.view.View)
com.smart.lock.activity.LockActivity: void favoriteContent(android.view.View)
com.smart.lock.activity.LockActivity: void shareContent(android.view.View)
com.smart.lock.activity.LockActivity: void tabWallPaperClick(android.view.View)
com.smart.lock.activity.LockActivity: void tabDetailClick(android.view.View)
com.smart.lock.activity.LoginActivity
com.smart.lock.activity.LoginActivity: LoginActivity()
com.smart.lock.activity.LoginActivity: void resetClick(android.view.View)
com.smart.lock.activity.LoginActivity: void codeClick(android.view.View)
com.smart.lock.activity.LoginActivity: void loginClick(android.view.View)
com.smart.lock.activity.LoginActivity: void skipClick(android.view.View)
com.smart.lock.activity.LoginActivity: void backClick(android.view.View)
com.smart.lock.activity.LoginActivity: void qqLogin(android.view.View)
com.smart.lock.activity.LoginActivity: void wxLogin(android.view.View)
...
com.umeng.common.net.b
com.umeng.common.net.b: com.umeng.common.net.a a
com.umeng.common.net.b: b(com.umeng.common.net.a)
com.umeng.common.net.b: void onServiceConnected(android.content.ComponentName,android.os.IBinder)
com.umeng.common.net.b: void onServiceDisconnected(android.content.ComponentName)
com.umeng.common.net.c
com.umeng.common.net.c: java.lang.String a
com.umeng.common.net.c: java.lang.String b
com.umeng.common.net.c: java.lang.String c
com.umeng.common.net.c: java.lang.String d
com.umeng.common.net.c: java.lang.String e
com.umeng.common.net.c: java.lang.String f
com.umeng.common.net.c: java.lang.String g
com.umeng.common.net.c: java.lang.String h
com.umeng.common.net.c: android.content.Context i
com.umeng.common.net.c: java.lang.String j
com.umeng.common.net.c: com.umeng.common.net.c$a k
com.umeng.common.net.c: void <clinit>()
com.umeng.common.net.c: c()
com.umeng.common.net.c: com.umeng.common.net.c a(android.content.Context)
com.umeng.common.net.c: boolean a(java.lang.String,java.lang.String)
com.umeng.common.net.c: void a(java.lang.String,java.lang.String,int)
com.umeng.common.net.c: void a(java.lang.String,java.lang.String,java.lang.String)
com.umeng.common.net.c: int b(java.lang.String,java.lang.String)
com.umeng.common.net.c: java.lang.String c(java.lang.String,java.lang.String)
com.umeng.common.net.c: java.util.Date d(java.lang.String,java.lang.String)
com.umeng.common.net.c: void e(java.lang.String,java.lang.String)
com.umeng.common.net.c: java.util.List a(java.lang.String)
com.umeng.common.net.c: void a(int)
com.umeng.common.net.c: void finalize()
com.umeng.common.net.c: c(com.umeng.common.net.c)
com.umeng.common.net.c: java.lang.String a()
com.umeng.common.net.c$a
com.umeng.common.net.c$a: int b
com.umeng.common.net.c$a: java.lang.String c
com.umeng.common.net.c$a: com.umeng.common.net.c a
com.umeng.common.net.c$a: c$a(com.umeng.common.net.c,android.content.Context)
com.umeng.common.net.c$a: void onCreate(android.database.sqlite.SQLiteDatabase)
com.umeng.common.net.c$a: void onUpgrade(android.database.sqlite.SQLiteDatabase,int,int)
com.umeng.common.net.c$b
com.umeng.common.net.c$b: com.umeng.common.net.c a
com.umeng.common.net.c$b: void <clinit>()
com.umeng.common.net.c$b: c$b()
com.umeng.common.net.d
com.umeng.common.net.d: com.umeng.common.net.DownloadingService a
com.umeng.common.net.d: d(com.umeng.common.net.DownloadingService)
com.umeng.common.net.d: void handleMessage(android.os.Message)
com.umeng.common.net.e
com.umeng.common.net.e: com.umeng.common.net.DownloadingService a
com.umeng.common.net.e: e(com.umeng.common.net.DownloadingService)
com.umeng.common.net.e: void a(int)
com.umeng.common.net.e: void a(int,int)
com.umeng.common.net.e: void a(int,java.lang.String)
com.umeng.common.net.e: void a(int,java.lang.Exception)
com.umeng.common.net.f
com.umeng.common.net.f: com.umeng.common.net.DownloadingService a
com.umeng.common.net.f: f(com.umeng.common.net.DownloadingService)
com.umeng.common.net.f: void onReceive(android.content.Context,android.content.Intent)
com.umeng.common.net.g
com.umeng.common.net.g: com.umeng.common.net.DownloadingService a
com.umeng.common.net.g: java.lang.String b
com.umeng.common.net.g: g(com.umeng.common.net.DownloadingService,java.lang.String)
com.umeng.common.net.g: void run()
com.umeng.common.net.h
com.umeng.common.net.h: com.umeng.common.net.DownloadingService a
com.umeng.common.net.h: h(com.umeng.common.net.DownloadingService)
com.umeng.common.net.h: void run()
com.umeng.common.net.i
com.umeng.common.net.i: java.lang.String[] a
com.umeng.common.net.i: boolean b
com.umeng.common.net.i: java.util.Map c
com.umeng.common.net.i: i(java.lang.String[],boolean,java.util.Map)
com.umeng.common.net.i: void run()