proguard/mapping.txt
com.smart.lock.R -> com.smart.lock.a:
com.smart.lock.R$styleable -> com.smart.lock.b:
    int[] ActionBar -> a
    int[] ActionBarLayout -> b
    int[] ActionBarWindow -> c
    int[] ActionMenuItemView -> d
    int[] ActionMenuView -> e
    int[] ActionMode -> f
    int[] ActivityChooserView -> g
    int[] CompatTextView -> h
    int[] LinearLayoutICS -> i
    int[] LockPatternView -> j
    int[] MenuGroup -> k
    int[] MenuItem -> l
    int[] MenuView -> m
    int[] SearchView -> n
    int[] ShimmerFrameLayout -> o
    int[] Spinner -> p
    int[] StickyListHeadersListView -> q
    int[] Theme -> r
    int[] View -> s
    int[] roundedimageview -> t
com.smart.lock.activity.AmountActivity -> com.smart.lock.activity.AmountActivity:
    com.google.gson.Gson gson -> a
    int accountId -> b
    java.lang.String mobileNo -> c
    java.lang.String type -> d
    android.webkit.WebView mallWebView -> e
    android.app.Activity activity -> f
    android.os.Handler messHandler -> g
    void onCreate(android.os.Bundle) -> onCreate
    void loadViewedUrl(android.app.Activity,android.webkit.WebView,java.lang.String) -> a
    void backClick(android.view.View) -> backClick
    void onBackPressed() -> onBackPressed
    android.app.Activity access$0(com.smart.lock.activity.AmountActivity) -> a
    android.os.Handler access$1(com.smart.lock.activity.AmountActivity) -> b
com.smart.lock.activity.AmountActivity$1 -> com.smart.lock.activity.a:
    com.smart.lock.activity.AmountActivity this$0 -> a
    void handleMessage(android.os.Message) -> handleMessage
com.smart.lock.activity.AmountActivity$JsInterf -> com.smart.lock.activity.AmountActivity$JsInterf:
    com.smart.lock.activity.AmountActivity this$0 -> this$0
    boolean viewFullImage(int,java.lang.String,java.lang.String,java.lang.String,java.lang.String,int,int,java.lang.String,int) -> viewFullImage
    void share(java.lang.String,java.lang.String,java.lang.String,java.lang.String) -> share
    void alert(java.lang.String) -> alert
    void redirectLogin() -> redirectLogin
    com.smart.lock.activity.AmountActivity access$0(com.smart.lock.activity.AmountActivity$JsInterf) -> access$0
com.smart.lock.activity.AmountActivity$JsInterf$1 -> com.smart.lock.activity.b:
    com.smart.lock.activity.AmountActivity$JsInterf this$1 -> a
    void onClick(android.content.DialogInterface,int) -> onClick
com.smart.lock.activity.BaseActivity -> com.smart.lock.activity.c:
    void onCreate(android.os.Bundle) -> onCreate
    android.view.View findViewById(int) -> findViewById
    void onResume() -> onResume
    void onPause() -> onPause
    void onStop() -> onStop
com.smart.lock.activity.BoxOpenActivity -> com.smart.lock.activity.BoxOpenActivity:
    android.support.v4.view.ViewPager viewPager -> a
    android.widget.ImageView[] tips -> b
    android.widget.ImageView[] mImageViews -> c
    int[] imgIdArray -> d
    boolean isLogin -> e
    boolean isNew -> f
    boolean isDoningTempLogin -> g
    boolean needRealLogin -> h
    int accountId -> i
    java.lang.String mobileNo -> j
    void loginClick(android.view.View) -> loginClick
    void skipClick() -> skipClick
    void onCreate(android.os.Bundle) -> onCreate
    void onResume() -> onResume
    void onPageScrollStateChanged(int) -> onPageScrollStateChanged
    void onPageScrolled(int,float,int) -> onPageScrolled
    void onPageSelected(int) -> onPageSelected
    void setImageBackground(int) -> a
    void temploginClick(android.view.View) -> temploginClick
    android.widget.ImageView[] access$0(com.smart.lock.activity.BoxOpenActivity) -> a
    boolean access$1(com.smart.lock.activity.BoxOpenActivity) -> b
com.smart.lock.activity.BoxOpenActivity$1 -> com.smart.lock.activity.d:
    com.smart.lock.activity.BoxOpenActivity this$0 -> a
    com.smart.lock.utils.ThreadHelper val$threadHelper -> b
    void run() -> run
...
com.umeng.fb.model.Reply$TYPE -> com.umeng.fb.model.Reply$TYPE:
    com.umeng.fb.model.Reply$TYPE NEW_FEEDBACK -> NEW_FEEDBACK
    com.umeng.fb.model.Reply$TYPE DEV_REPLY -> DEV_REPLY
    com.umeng.fb.model.Reply$TYPE USER_REPLY -> USER_REPLY
    java.lang.String a -> a
    com.umeng.fb.model.Reply$TYPE[] b -> b
    java.lang.String toString() -> toString
    com.umeng.fb.model.Reply$TYPE get(java.lang.String) -> get
    com.umeng.fb.model.Reply$TYPE[] values() -> values
    com.umeng.fb.model.Reply$TYPE valueOf(java.lang.String) -> valueOf
com.umeng.fb.model.Store -> com.umeng.fb.model.Store:
    java.lang.String a -> a
    com.umeng.fb.model.Store b -> b
    android.content.Context c -> c
    java.lang.String d -> d
    java.lang.String e -> e
    java.lang.String f -> f
    java.lang.String g -> g
    java.lang.String h -> h
    com.umeng.fb.model.Store getInstance(android.content.Context) -> getInstance
    void saveCoversation(com.umeng.fb.model.Conversation) -> saveCoversation
    void saveUserInfo(com.umeng.fb.model.UserInfo) -> saveUserInfo
    com.umeng.fb.model.UserInfo getUserInfo() -> getUserInfo
    long getUserInfoLastUpdateAt() -> getUserInfoLastUpdateAt
    long getUserInfoLastSyncAt() -> getUserInfoLastSyncAt
    void setUserInfoLastSyncAt(long) -> setUserInfoLastSyncAt
    com.umeng.fb.model.Conversation getConversationById(java.lang.String) -> getConversationById
    java.util.List getAllConversationIds() -> getAllConversationIds
    void a() -> a
com.umeng.fb.model.UserInfo -> com.umeng.fb.model.UserInfo:
    java.lang.String e -> e
    int a -> a
    java.lang.String b -> b
    java.util.Map c -> c
    java.util.Map d -> d
    org.json.JSONObject toJson() -> toJson
    int getAgeGroup() -> getAgeGroup
    void setAgeGroup(int) -> setAgeGroup
    java.lang.String getGender() -> getGender
    void setGender(java.lang.String) -> setGender
    java.util.Map getContact() -> getContact
    void setContact(java.util.Map) -> setContact
    java.util.Map getRemark() -> getRemark
    void setRemark(java.util.Map) -> setRemark
com.umeng.fb.model.UserReply -> com.umeng.fb.model.UserReply:
    org.json.JSONObject toJson() -> toJson
com.umeng.fb.model.UserTitleReply -> com.umeng.fb.model.UserTitleReply:
    java.lang.String a -> a
    java.lang.String j -> j
    org.json.JSONObject toJson() -> toJson
com.umeng.socialize.bean.BaseMsg -> com.umeng.socialize.bean.BaseMsg:
    java.lang.String mText -> mText
    com.umeng.socialize.bean.UMLocation mLocation -> mLocation
    com.umeng.socialize.media.UMediaObject a -> a
    android.os.Parcelable$Creator CREATOR -> CREATOR
    void setMediaData(com.umeng.socialize.media.UMediaObject) -> setMediaData
    com.umeng.socialize.media.UMediaObject getMedia() -> getMedia
    int describeContents() -> describeContents
    void writeToParcel(android.os.Parcel,int) -> writeToParcel