proguard/usage.txt
com.smart.lock.BuildConfig
com.smart.lock.Manifest
com.smart.lock.Manifest$permission
com.smart.lock.R:
    10:10:public R()
com.smart.lock.R$anim
com.smart.lock.R$attr
com.smart.lock.R$bool
com.smart.lock.R$color
com.smart.lock.R$dimen
com.smart.lock.R$drawable
com.smart.lock.R$id
com.smart.lock.R$integer
com.smart.lock.R$layout
com.smart.lock.R$menu
com.smart.lock.R$string
com.smart.lock.R$style
com.smart.lock.R$styleable:
    public static final int ActionBar_background
    public static final int ActionBar_backgroundSplit
    public static final int ActionBar_backgroundStacked
    public static final int ActionBar_customNavigationLayout
    public static final int ActionBar_displayOptions
    public static final int ActionBar_divider
    public static final int ActionBar_height
    public static final int ActionBar_homeLayout
    public static final int ActionBar_icon
    public static final int ActionBar_indeterminateProgressStyle
    public static final int ActionBar_itemPadding
    public static final int ActionBar_logo
    public static final int ActionBar_navigationMode
    public static final int ActionBar_progressBarPadding
    public static final int ActionBar_progressBarStyle
    public static final int ActionBar_subtitle
    public static final int ActionBar_subtitleTextStyle
    public static final int ActionBar_title
    public static final int ActionBar_titleTextStyle
    public static final int ActionBarLayout_android_layout_gravity
    public static final int ActionBarWindow_windowActionBar
    public static final int ActionBarWindow_windowActionBarOverlay
    public static final int ActionBarWindow_windowFixedHeightMajor
    public static final int ActionBarWindow_windowFixedHeightMinor
    public static final int ActionBarWindow_windowFixedWidthMajor
    public static final int ActionBarWindow_windowFixedWidthMinor
com.smart.lock.R$xml
com.smart.lock.activity.AmountActivity:
    private android.widget.TextView txtTitle
com.smart.lock.activity.CategorySettingActivity:
    private com.smart.lock.view.CustomProgressDialog progressDialog
com.smart.lock.activity.LockActivity:
    private boolean isEnter
    private android.widget.ImageView imgBlock
    private android.widget.ImageView curImageView
    private android.graphics.Bitmap oldBlurBM
    private int lockTabTop
    private android.os.Vibrator vibrator
    public static final java.lang.String DESCRIPTOR
    public static final java.lang.String APPID
    public static final java.lang.String WXAPPSEC
    271:271:public android.os.Handler getMessageHandler()
    275:276:public void setMessageHandler(android.os.Handler)
    729:810:private void imgTouchEvents(android.view.View,android.view.MotionEvent)
    813:869:private void endOperation(android.view.View,android.widget.ImageView,int,int,int,com.smart.lock.dto.ContentDTO)
    906:912:private void backHome()
    915:925:private void resetTouchTab(android.view.View,android.widget.ImageView,com.smart.lock.dto.ContentDTO)
    929:947:private void outTouchTab(android.view.View,android.widget.ImageView,com.smart.lock.dto.ContentDTO)
com.smart.lock.activity.LockActivity$BlurImageView:
    310:310:public int getImageViewIndex()
com.smart.lock.activity.LoginActivity:
    public static final java.lang.String IS_WX_LOGIN
    423:450:public void qqLogin_test(android.view.View)